<?xml version="1.0" encoding="UTF-8"?>
<!-- Generated by org.testng.reporters.JUnitReportReporter -->
<testsuite skipped="0" hostname="WS-11062" name="com.assign.qa.testcases.SearchFlightsTest" tests="1" failures="0" timestamp="03 Mar 2021 15:41:07 GMT" time="26.426" errors="0">
  <testcase name="searchForAFlight" time="26.426" classname="com.assign.qa.testcases.SearchFlightsTest"/>
</testsuite> <!-- com.assign.qa.testcases.SearchFlightsTest -->
