<?xml version="1.0" encoding="UTF-8"?>
<!-- Generated by org.testng.reporters.JUnitReportReporter -->
<testsuite skipped="1" hostname="WS-11062" name="com.assign.qa.testcases.CheckPricesTest" tests="2" failures="0" timestamp="03 Mar 2021 15:41:07 GMT" time="0.001" errors="0">
  <testcase name="parentTest" time="0.001" classname="com.assign.qa.testcases.CheckPricesTest"/>
  <testcase name="validateFlightPriceTest" time="0.000" classname="com.assign.qa.testcases.CheckPricesTest">
    <skipped/>
  </testcase> <!-- validateFlightPriceTest -->
</testsuite> <!-- com.assign.qa.testcases.CheckPricesTest -->
